<?xml version="1.0" encoding="UTF-8"?>
<!-- Generated by org.testng.reporters.JUnitReportReporter -->
<testsuite hostname="Balas-MacBook-Air.local" failures="0" tests="1" name="generalStore.Base" time="20.956" errors="0" timestamp="2024-01-26T22:06:15 EST" skipped="0">
  <testcase classname="generalStore.Base" name="configureAppium" time="20.956"/>
</testsuite> <!-- generalStore.Base -->
