<?xml version="1.0" encoding="UTF-8"?>
<!-- Generated by org.testng.reporters.JUnitReportReporter -->
<testsuite hostname="Balas-MacBook-Air.local" failures="0" tests="1" name="generalStore.ToastMessage" time="28.686" errors="0" timestamp="2024-01-28T17:29:42 EST" skipped="0">
  <testcase classname="generalStore.ToastMessage" name="generalStoreHome" time="28.686"/>
</testsuite> <!-- generalStore.ToastMessage -->
